Name                                                                                                       Stmts   Miss  Cover
------------------------------------------------------------------------------------------------------------------------------
/Users/mac/Desktop/Unik/SoftProg/SportHuinia/database/azure_blob_storage/__init__.py                           0      0   100%
/Users/mac/Desktop/Unik/SoftProg/SportHuinia/database/azure_blob_storage/save_get_blob.py                    273    223    18%
/Users/mac/Desktop/Unik/SoftProg/SportHuinia/database/models/League.py                                         9      0   100%
/Users/mac/Desktop/Unik/SoftProg/SportHuinia/database/models/Teams_index.py                                    9      0   100%
/Users/mac/Desktop/Unik/SoftProg/SportHuinia/database/models/__init__.py                                      28      0   100%
/Users/mac/Desktop/Unik/SoftProg/SportHuinia/database/models/base.py                                           3      0   100%
/Users/mac/Desktop/Unik/SoftProg/SportHuinia/database/models/blob_index.py                                     6      0   100%
/Users/mac/Desktop/Unik/SoftProg/SportHuinia/database/models/categories.py                                     5      0   100%
/Users/mac/Desktop/Unik/SoftProg/SportHuinia/database/models/country.py                                        8      0   100%
/Users/mac/Desktop/Unik/SoftProg/SportHuinia/database/models/game.py                                          16      0   100%
/Users/mac/Desktop/Unik/SoftProg/SportHuinia/database/models/games_statuses.py                                 5      0   100%
/Users/mac/Desktop/Unik/SoftProg/SportHuinia/database/models/interaction_types.py                              5      0   100%
/Users/mac/Desktop/Unik/SoftProg/SportHuinia/database/models/interactions_with_news.py                         8      0   100%
/Users/mac/Desktop/Unik/SoftProg/SportHuinia/database/models/likes.py                                          7      0   100%
/Users/mac/Desktop/Unik/SoftProg/SportHuinia/database/models/news.py                                           8      0   100%
/Users/mac/Desktop/Unik/SoftProg/SportHuinia/database/models/players.py                                        9      0   100%
/Users/mac/Desktop/Unik/SoftProg/SportHuinia/database/models/refresh_token_tracking.py                        11      0   100%
/Users/mac/Desktop/Unik/SoftProg/SportHuinia/database/models/sports.py                                         6      0   100%
/Users/mac/Desktop/Unik/SoftProg/SportHuinia/database/models/sports_index.py                                   5      0   100%
/Users/mac/Desktop/Unik/SoftProg/SportHuinia/database/models/stream_url.py                                     6      0   100%
/Users/mac/Desktop/Unik/SoftProg/SportHuinia/database/models/streams.py                                        7      0   100%
/Users/mac/Desktop/Unik/SoftProg/SportHuinia/database/models/streams_status.py                                 6      0   100%
/Users/mac/Desktop/Unik/SoftProg/SportHuinia/database/models/teams_in_news.py                                  7      0   100%
/Users/mac/Desktop/Unik/SoftProg/SportHuinia/database/models/temp_subscribers_data.py                          7      0   100%
/Users/mac/Desktop/Unik/SoftProg/SportHuinia/database/models/token_blocklist.py                               11      0   100%
/Users/mac/Desktop/Unik/SoftProg/SportHuinia/database/models/user_club_preferences.py                          6      0   100%
/Users/mac/Desktop/Unik/SoftProg/SportHuinia/database/models/user_preferences.py                               6      0   100%
/Users/mac/Desktop/Unik/SoftProg/SportHuinia/database/models/user_recommendations.py                           8      0   100%
/Users/mac/Desktop/Unik/SoftProg/SportHuinia/database/models/users.py                                          7      0   100%
/Users/mac/Desktop/Unik/SoftProg/SportHuinia/database/models/views.py                                          7      0   100%
/Users/mac/Desktop/Unik/SoftProg/SportHuinia/database/postgres/__init__.py                                     1      0   100%
/Users/mac/Desktop/Unik/SoftProg/SportHuinia/database/postgres/dal/__init__.py                                 6      0   100%
/Users/mac/Desktop/Unik/SoftProg/SportHuinia/database/postgres/dal/base.py                                     5      2    60%
/Users/mac/Desktop/Unik/SoftProg/SportHuinia/database/postgres/dal/country.py                                 39     27    31%
/Users/mac/Desktop/Unik/SoftProg/SportHuinia/database/postgres/dal/game.py                                    43     29    33%
/Users/mac/Desktop/Unik/SoftProg/SportHuinia/database/postgres/dal/league.py                                  45     30    33%
/Users/mac/Desktop/Unik/SoftProg/SportHuinia/database/postgres/dal/player.py                                  44     30    32%
/Users/mac/Desktop/Unik/SoftProg/SportHuinia/database/postgres/dal/sport.py                                   35     22    37%
/Users/mac/Desktop/Unik/SoftProg/SportHuinia/database/postgres/dal/team.py                                    45     30    33%
/Users/mac/Desktop/Unik/SoftProg/SportHuinia/database/postgres/dal/user.py                                    36     25    31%
/Users/mac/Desktop/Unik/SoftProg/SportHuinia/database/postgres/dto/__init__.py                                 6      0   100%
/Users/mac/Desktop/Unik/SoftProg/SportHuinia/database/postgres/dto/country.py                                 10      0   100%
/Users/mac/Desktop/Unik/SoftProg/SportHuinia/database/postgres/dto/game.py                                    18      0   100%
/Users/mac/Desktop/Unik/SoftProg/SportHuinia/database/postgres/dto/league.py                                  11      0   100%
/Users/mac/Desktop/Unik/SoftProg/SportHuinia/database/postgres/dto/player.py                                  12      0   100%
/Users/mac/Desktop/Unik/SoftProg/SportHuinia/database/postgres/dto/sport.py                                    8      0   100%
/Users/mac/Desktop/Unik/SoftProg/SportHuinia/database/postgres/dto/team.py                                    12      0   100%
/Users/mac/Desktop/Unik/SoftProg/SportHuinia/database/postgres/save_data.py                                  171    149    13%
/Users/mac/Desktop/Unik/SoftProg/SportHuinia/database/session.py                                               8      0   100%
/Users/mac/Desktop/Unik/SoftProg/SportHuinia/dto/api_input.py                                                131     41    69%
/Users/mac/Desktop/Unik/SoftProg/SportHuinia/dto/api_output.py                                                69      5    93%
/Users/mac/Desktop/Unik/SoftProg/SportHuinia/dto/common_response.py                                           15      7    53%
/Users/mac/Desktop/Unik/SoftProg/SportHuinia/dto/pagination.py                                                16      8    50%
/Users/mac/Desktop/Unik/SoftProg/SportHuinia/exept/colors_text.py                                              8      5    38%
/Users/mac/Desktop/Unik/SoftProg/SportHuinia/exept/exeptions.py                                               96     36    62%
/Users/mac/Desktop/Unik/SoftProg/SportHuinia/logger/logger.py                                                 66     26    61%
/Users/mac/Desktop/Unik/SoftProg/SportHuinia/service/__init__.py                                               0      0   100%
/Users/mac/Desktop/Unik/SoftProg/SportHuinia/service/api_logic/auth_strategy.py                               59     36    39%
/Users/mac/Desktop/Unik/SoftProg/SportHuinia/service/api_logic/filter_manager/base_filter_manager.py          30     23    23%
/Users/mac/Desktop/Unik/SoftProg/SportHuinia/service/api_logic/filter_manager/filter_manager_strategy.py      15      5    67%
/Users/mac/Desktop/Unik/SoftProg/SportHuinia/service/api_logic/filter_manager/games_filter_manager.py         38     10    74%
/Users/mac/Desktop/Unik/SoftProg/SportHuinia/service/api_logic/filter_manager/league_filter_manager.py        14      3    79%
/Users/mac/Desktop/Unik/SoftProg/SportHuinia/service/api_logic/filter_manager/news_filter_manager.py          22      5    77%
/Users/mac/Desktop/Unik/SoftProg/SportHuinia/service/api_logic/filter_manager/teams_filter_manager.py         15      3    80%
/Users/mac/Desktop/Unik/SoftProg/SportHuinia/service/api_logic/helpers/calculating_helper.py                  36      0   100%
/Users/mac/Desktop/Unik/SoftProg/SportHuinia/service/api_logic/managers/recommendation_menager.py             29      0   100%
/Users/mac/Desktop/Unik/SoftProg/SportHuinia/service/api_logic/models/api_models.py                           22     14    36%
/Users/mac/Desktop/Unik/SoftProg/SportHuinia/service/api_logic/news_logic.py                                  66     21    68%
/Users/mac/Desktop/Unik/SoftProg/SportHuinia/service/api_logic/scripts.py                                     18      8    56%
/Users/mac/Desktop/Unik/SoftProg/SportHuinia/service/api_logic/user_logic.py                                 150     96    36%
__init__.py                                                                                                    0      0   100%
news_recommendation_tests/__init__.py                                                                          0      0   100%
news_recommendation_tests/test_calculating_helper.py                                                          53      0   100%
news_recommendation_tests/test_news_service.py                                                                71      1    99%
news_recommendation_tests/test_recommendation_manager.py                                                      39      0   100%
news_recommendation_tests/test_user_service.py                                                                55      1    98%
------------------------------------------------------------------------------------------------------------------------------
TOTAL                                                                                                       2187    921    58%
